#
# There is insufficient memory for the Java Runtime Environment to continue.
# Native memory allocation (mmap) failed to map 268435456 bytes for Failed to commit area from 0x0000000701600000 to 0x0000000711600000 of length 268435456.
# Possible reasons:
#   The system is out of physical RAM or swap space
#   The process is running with CompressedOops enabled, and the Java Heap may be blocking the growth of the native heap
# Possible solutions:
#   Reduce memory load on the system
#   Increase physical memory or swap space
#   Check if swap backing store is full
#   Decrease Java heap size (-Xmx/-Xms)
#   Decrease number of Java threads
#   Decrease Java thread stack sizes (-Xss)
#   Set larger code cache with -XX:ReservedCodeCacheSize=
# This output file may be truncated or incomplete.
#
#  Out of Memory Error (t:/workspace/open/src/hotspot/os/windows/os_windows.cpp:3275), pid=11260, tid=21844
#
# JRE version:  (11.0.4+10) (build )
# Java VM: Java HotSpot(TM) 64-Bit Server VM (11.0.4+10-LTS, mixed mode, aot, sharing, tiered, compressed oops, g1 gc, windows-amd64)
# No core dump will be written. Minidumps are not enabled by default on client versions of Windows
#

---------------  S U M M A R Y ------------

Command Line: -Dclassworlds.conf=C:\Program Files\Apache\maven\bin\..\bin\m2.conf -Dmaven.home=C:\Program Files\Apache\maven\bin\.. -Dlibrary.jansi.path=C:\Program Files\Apache\maven\bin\..\lib\jansi-native -Dmaven.multiModuleProjectDirectory=D:\workspace\users org.codehaus.plexus.classworlds.launcher.Launcher -T 10 clean package

Host: Intel(R) Core(TM) i3-7020U CPU @ 2.30GHz, 4 cores, 15G,  Windows 10 , 64 bit Build 19041 (10.0.19041.1566)
Time: Wed May 11 21:08:13 2022 Hora oficial do Brasil elapsed time: 0 seconds (0d 0h 0m 0s)

---------------  T H R E A D  ---------------

Current thread (0x0000011c6fb7c000):  JavaThread "Unknown thread" [_thread_in_vm, id=21844, stack(0x00000004e3700000,0x00000004e3800000)]

Stack: [0x00000004e3700000,0x00000004e3800000]
Native frames: (J=compiled Java code, j=interpreted, Vv=VM code, C=native code)
V  [jvm.dll+0x635bda]
V  [jvm.dll+0x77360f]
V  [jvm.dll+0x774cba]
V  [jvm.dll+0x775373]
V  [jvm.dll+0x25e668]
V  [jvm.dll+0x63306a]
V  [jvm.dll+0x627ab5]
V  [jvm.dll+0x314f8c]
V  [jvm.dll+0x314e12]
V  [jvm.dll+0x31a676]
V  [jvm.dll+0x36676f]
V  [jvm.dll+0x366190]
V  [jvm.dll+0x2f1b18]
V  [jvm.dll+0x2f2c86]
V  [jvm.dll+0x74c777]
V  [jvm.dll+0x74debf]
V  [jvm.dll+0x3735a9]
V  [jvm.dll+0x732e09]
V  [jvm.dll+0x3e2c0d]
V  [jvm.dll+0x3e4ee1]
C  [java.exe+0x3607]
C  [java.exe+0x178dc]
C  [KERNEL32.DLL+0x17034]
C  [ntdll.dll+0x52651]


---------------  P R O C E S S  ---------------

Threads class SMR info:
_java_thread_list=0x0000011c6da72b00, length=0, elements={
}

Java Threads: ( => current thread )

Other Threads:
  0x0000011c6fbac000 GCTaskThread "GC Thread#0" [stack: 0x00000004e3800000,0x00000004e3900000] [id=17600]
  0x0000011c6fc0a800 ConcurrentGCThread "G1 Main Marker" [stack: 0x00000004e3900000,0x00000004e3a00000] [id=20472]
  0x0000011c6fc0c800 ConcurrentGCThread "G1 Conc#0" [stack: 0x00000004e3a00000,0x00000004e3b00000] [id=12828]

[error occurred during error reporting (printing all threads), id 0xc0000005, EXCEPTION_ACCESS_VIOLATION (0xc0000005) at pc=0x00007ffe68f103e7]

VM state:not at safepoint (not fully initialized)

VM Mutex/Monitor currently owned by a thread:  ([mutex/lock_event])
[0x0000011c6fb79240] Heap_lock - owner thread: 0x0000011c6fb7c000

Heap address: 0x0000000701600000, size: 4074 MB, Compressed Oops mode: Non-zero based: 0x0000000701600000
Narrow klass base: 0x0000000000000000, Narrow klass shift: 0

GC Heap History (0 events):
No events

Deoptimization events (0 events):
No events

Classes redefined (0 events):
No events

Internal exceptions (0 events):
No events

Events (0 events):
No events


Dynamic libraries:
0x00007ff758b70000 - 0x00007ff758bb7000 	C:\Program Files\Java\jdk-11.0.4\bin\java.exe
0x00007ffed4110000 - 0x00007ffed4305000 	C:\WINDOWS\SYSTEM32\ntdll.dll
0x00007ffec4300000 - 0x00007ffec4316000 	C:\Program Files\Avast Software\Avast\aswhook.dll
0x00007ffed27c0000 - 0x00007ffed287e000 	C:\WINDOWS\System32\KERNEL32.DLL
0x00007ffed1bf0000 - 0x00007ffed1eb8000 	C:\WINDOWS\System32\KERNELBASE.dll
0x00007ffed2590000 - 0x00007ffed263e000 	C:\WINDOWS\System32\ADVAPI32.dll
0x00007ffed2d50000 - 0x00007ffed2dee000 	C:\WINDOWS\System32\msvcrt.dll
0x00007ffed3950000 - 0x00007ffed39ec000 	C:\WINDOWS\System32\sechost.dll
0x00007ffed3fa0000 - 0x00007ffed40c5000 	C:\WINDOWS\System32\RPCRT4.dll
0x00007ffed29d0000 - 0x00007ffed2b70000 	C:\WINDOWS\System32\USER32.dll
0x00007ffed2030000 - 0x00007ffed2052000 	C:\WINDOWS\System32\win32u.dll
0x00007ffed29a0000 - 0x00007ffed29cb000 	C:\WINDOWS\System32\GDI32.dll
0x00007ffed2060000 - 0x00007ffed216b000 	C:\WINDOWS\System32\gdi32full.dll
0x00007ffed1a90000 - 0x00007ffed1b2d000 	C:\WINDOWS\System32\msvcp_win.dll
0x00007ffed1f30000 - 0x00007ffed2030000 	C:\WINDOWS\System32\ucrtbase.dll
0x00007ffeb8560000 - 0x00007ffeb87fa000 	C:\WINDOWS\WinSxS\amd64_microsoft.windows.common-controls_6595b64144ccf1df_6.0.19041.1110_none_60b5254171f9507e\COMCTL32.dll
0x00007ffec1e40000 - 0x00007ffec1e4a000 	C:\WINDOWS\SYSTEM32\VERSION.dll
0x00007ffed2720000 - 0x00007ffed2750000 	C:\WINDOWS\System32\IMM32.DLL
0x00007ffebd2d0000 - 0x00007ffebd2e6000 	C:\Program Files\Java\jdk-11.0.4\bin\vcruntime140.dll
0x00007ffeae1e0000 - 0x00007ffeae28a000 	C:\Program Files\Java\jdk-11.0.4\bin\msvcp140.dll
0x00007ffe68c10000 - 0x00007ffe69737000 	C:\Program Files\Java\jdk-11.0.4\bin\server\jvm.dll
0x00007ffed3730000 - 0x00007ffed3738000 	C:\WINDOWS\System32\PSAPI.DLL
0x00007ffeb90c0000 - 0x00007ffeb90c9000 	C:\WINDOWS\SYSTEM32\WSOCK32.dll
0x00007ffeb4440000 - 0x00007ffeb4467000 	C:\WINDOWS\SYSTEM32\WINMM.dll
0x00007ffed3ac0000 - 0x00007ffed3b2b000 	C:\WINDOWS\System32\WS2_32.dll
0x00007ffed00e0000 - 0x00007ffed00f2000 	C:\WINDOWS\SYSTEM32\kernel.appcore.dll
0x00007ffebbed0000 - 0x00007ffebbee1000 	C:\Program Files\Java\jdk-11.0.4\bin\verify.dll
0x00007ffecfdb0000 - 0x00007ffecff94000 	C:\WINDOWS\SYSTEM32\DBGHELP.DLL
0x00007ffebea50000 - 0x00007ffebea7c000 	C:\WINDOWS\SYSTEM32\dbgcore.DLL
0x00007ffed1b60000 - 0x00007ffed1be2000 	C:\WINDOWS\System32\bcryptPrimitives.dll
0x00007ffebb9f0000 - 0x00007ffebba19000 	C:\Program Files\Java\jdk-11.0.4\bin\java.dll
0x00007ffebb890000 - 0x00007ffebb8a6000 	C:\Program Files\Java\jdk-11.0.4\bin\zip.dll
0x00007ffecaeb0000 - 0x00007ffecaeba000 	C:\Program Files\Java\jdk-11.0.4\bin\jimage.dll
0x00007ffeac8d0000 - 0x00007ffeac9ea000 	C:\Program Files\Diebold\Warsaw\wslbscr64.dll
0x00007ffed2fe0000 - 0x00007ffed3724000 	C:\WINDOWS\System32\SHELL32.dll
0x00007ffed04f0000 - 0x00007ffed0523000 	C:\WINDOWS\SYSTEM32\ntmarta.dll

dbghelp: loaded successfully - version: 4.0.5 - missing functions: none
symbol engine: initialized successfully - sym options: 0x614 - pdb path: .;C:\Program Files\Java\jdk-11.0.4\bin;C:\WINDOWS\SYSTEM32;C:\Program Files\Avast Software\Avast;C:\WINDOWS\WinSxS\amd64_microsoft.windows.common-controls_6595b64144ccf1df_6.0.19041.1110_none_60b5254171f9507e;C:\Program Files\Java\jdk-11.0.4\bin\server;C:\Program Files\Diebold\Warsaw

VM Arguments:
jvm_args: -Dclassworlds.conf=C:\Program Files\Apache\maven\bin\..\bin\m2.conf -Dmaven.home=C:\Program Files\Apache\maven\bin\.. -Dlibrary.jansi.path=C:\Program Files\Apache\maven\bin\..\lib\jansi-native -Dmaven.multiModuleProjectDirectory=D:\workspace\users 
java_command: org.codehaus.plexus.classworlds.launcher.Launcher -T 10 clean package
java_class_path (initial): C:\Program Files\Apache\maven\bin\..\boot\plexus-classworlds-2.6.0.jar
Launcher Type: SUN_STANDARD

[Global flags]
     intx CICompilerCount                          = 3                                         {product} {ergonomic}
     uint ConcGCThreads                            = 1                                         {product} {ergonomic}
     uint G1ConcRefinementThreads                  = 4                                         {product} {ergonomic}
   size_t G1HeapRegionSize                         = 1048576                                   {product} {ergonomic}
    uintx GCDrainStackTargetSize                   = 64                                        {product} {ergonomic}
   size_t InitialHeapSize                          = 268435456                                 {product} {ergonomic}
   size_t MarkStackSize                            = 4194304                                   {product} {ergonomic}
   size_t MaxHeapSize                              = 4271898624                                {product} {ergonomic}
   size_t MinHeapDeltaBytes                        = 1048576                                   {product} {ergonomic}
    uintx NonNMethodCodeHeapSize                   = 5830092                                {pd product} {ergonomic}
    uintx NonProfiledCodeHeapSize                  = 122914074                              {pd product} {ergonomic}
    uintx ProfiledCodeHeapSize                     = 122914074                              {pd product} {ergonomic}
    uintx ReservedCodeCacheSize                    = 251658240                              {pd product} {ergonomic}
     bool SegmentedCodeCache                       = true                                      {product} {ergonomic}
     bool UseCompressedClassPointers               = true                                 {lp64_product} {ergonomic}
     bool UseCompressedOops                        = true                                 {lp64_product} {ergonomic}
     bool UseG1GC                                  = true                                      {product} {ergonomic}
     bool UseLargePagesIndividualAllocation        = false                                  {pd product} {ergonomic}

Logging:
Log output configuration:
 #0: stdout all=warning uptime,level,tags
 #1: stderr all=off uptime,level,tags

Environment Variables:
JAVA_HOME=C:\Program Files\Java\jdk-11.0.4
PATH=C:\Program Files (x86)\Intel\Intel(R) Management Engine Components\iCLS\;C:\Program Files\Intel\Intel(R) Management Engine Components\iCLS\;C:\WINDOWS\system32;C:\WINDOWS;C:\WINDOWS\System32\Wbem;C:\WINDOWS\System32\WindowsPowerShell\v1.0\;C:\Program Files (x86)\Intel\Intel(R) Management Engine Components\DAL;C:\Program Files\Intel\Intel(R) Management Engine Components\DAL;C:\Program Files (x86)\Intel\Intel(R) Management Engine Components\IPT;C:\Program Files\Intel\Intel(R) Management Engine Components\IPT;C:\Program Files\Git\cmd;C:\Program Files\PuTTY\;C:\Program Files\Java\jdk-11.0.4\bin;C:\WINDOWS\System32\OpenSSH\;C:\Program Files (x86)\Yarn\bin\;C:\Program Files\Apache\maven\bin;C:\Program Files\nodejs\;C:\Leiningen;;C:\Program Files\Docker\Docker\resources\bin;C:\ProgramData\DockerDesktop\version-bin;C:\Users\João\AppData\Local\Microsoft\WindowsApps;C:\Users\João\AppData\Local\Yarn\bin;C:\Users\João\AppData\Local\Programs\Microsoft VS Code\bin;C:\Users\João\AppData\Local\Microsoft\WindowsApps;C:\Program Files\JetBrains\IntelliJ IDEA 2020.3.3\bin;C:\Users\João\AppData\Local\GitHubDesktop\bin;C:\Users\João\AppData\Roaming\npm;C:\Program Files\heroku\bin
USERNAME=João
OS=Windows_NT
PROCESSOR_IDENTIFIER=Intel64 Family 6 Model 142 Stepping 9, GenuineIntel



---------------  S Y S T E M  ---------------

OS: Windows 10 , 64 bit Build 19041 (10.0.19041.1566)

CPU:total 4 (initial active 4) (2 cores per cpu, 2 threads per core) family 6 model 142 stepping 9, cmov, cx8, fxsr, mmx, sse, sse2, sse3, ssse3, sse4.1, sse4.2, popcnt, avx, avx2, aes, clmul, erms, 3dnowpref, lzcnt, ht, tsc, tscinvbit, bmi1, bmi2, adx, fma

Memory: 4k page, system-wide physical 16295M (3216M free)
TotalPageFile size 18343M (AvailPageFile size 133M)
current process WorkingSet (physical memory assigned to process): 12M, peak: 12M
current process commit charge ("private bytes"): 53M, peak: 309M

vm_info: Java HotSpot(TM) 64-Bit Server VM (11.0.4+10-LTS) for windows-amd64 JRE (11.0.4+10-LTS), built on Jul  4 2019 16:28:13 by "mach5one" with MS VC++ 15.5 (VS2017)

END.
